<?xml version="1.0" encoding="UTF-8"?>
<!-- Generated by org.testng.reporters.JUnitReportReporter -->
<testsuite hostname="DESKTOP-FEUT1BT" failures="0" tests="2" name="org.example.Tests" time="4.997" errors="0" timestamp="2021-04-02T16:17:24 EEST" skipped="0">
  <testcase classname="org.example.Tests" name="landingAccessibilityByAPI" time="3.132"/>
  <testcase classname="org.example.Tests" name="landingTestUI" time="1.865"/>
</testsuite> <!-- org.example.Tests -->
